20:09:16.187 [main] INFO  - Practo Home page....
20:09:16.880 [main] INFO  - Validates the practo page
20:09:17.468 [main] INFO  - Clicks on find doctors....
20:09:24.195 [main] INFO  - enters the location....
20:09:57.026 [main] INFO  - selects patient stories dropdown....
20:10:04.087 [main] INFO  - selects experience dropdown....
20:10:42.902 [main] INFO  - user is on practo page....
20:10:43.175 [main] INFO  - user is on practo home page....
20:11:59.052 [main] INFO  - Practo Home page....
20:11:59.999 [main] INFO  - Validates the practo page
20:12:00.858 [main] INFO  - Clicks on find doctors....
20:13:37.608 [main] INFO  - user is on practo page....
20:13:37.798 [main] INFO  - user is on practo home page....
22:29:47.738 [main] INFO  - Practo Home page....
22:29:48.453 [main] INFO  - Validates the practo page
22:29:49.019 [main] INFO  - Clicks on find doctors....
22:29:58.663 [main] INFO  - enters the location....
22:30:10.952 [main] INFO  - selects patient stories dropdown....
22:30:18.221 [main] INFO  - selects experience dropdown....
22:30:24.440 [main] INFO  - selects fees from all filter dropdown....
22:30:33.119 [main] INFO  - selects availability from all filter dropdown....
22:30:40.081 [main] INFO  - selects sortby dropdown....
22:30:45.695 [main] INFO  - stores first five doctor details....
22:30:56.600 [main] INFO  - user is on practo page....
22:30:57.081 [main] INFO  - validates the surgeries page....
22:31:14.938 [main] INFO  - stores list of surgeries....
22:32:02.388 [main] INFO  - Practo Home page....
22:32:02.996 [main] INFO  - Validates the practo page
22:32:03.463 [main] INFO  - Clicks on find doctors....
22:32:08.516 [main] INFO  - enters the location....
22:32:38.708 [main] INFO  - selects patient stories dropdown....
22:32:49.473 [main] INFO  - selects experience dropdown....
22:32:59.203 [main] INFO  - selects fees from all filter dropdown....
22:33:10.949 [main] INFO  - selects availability from all filter dropdown....
22:33:21.198 [main] INFO  - selects sortby dropdown....
22:35:20.006 [main] INFO  - Practo Home page....
22:35:20.608 [main] INFO  - Validates the practo page
22:35:21.106 [main] INFO  - Clicks on find doctors....
22:35:32.651 [main] INFO  - enters the location....
22:35:37.852 [main] INFO  - user is on practo page....
22:35:38.572 [main] INFO  - validates the surgeries page....
22:35:56.237 [main] INFO  - stores list of surgeries....
23:26:19.866 [main] INFO  - Practo Home page....
23:26:20.412 [main] INFO  - Validates the practo page
23:26:20.970 [main] INFO  - Clicks on find doctors....
23:26:24.813 [main] INFO  - enters the location....
23:26:34.754 [main] INFO  - selects patient stories dropdown....
23:26:42.466 [main] INFO  - selects experience dropdown....
23:26:48.701 [main] INFO  - selects fees from all filter dropdown....
23:26:55.979 [main] INFO  - selects availability from all filter dropdown....
23:27:02.833 [main] INFO  - selects sortby dropdown....
23:27:08.898 [main] INFO  - stores first five doctor details....
23:27:20.696 [main] INFO  - user is on practo page....
23:27:21.048 [main] INFO  - validates the surgeries page....
23:27:23.702 [main] INFO  - stores list of surgeries....
23:27:31.967 [main] INFO  - user is on practo home page....
23:27:32.401 [main] INFO  - clicks on for corporates page....
23:27:38.290 [main] INFO  - clicks on health and wellness plans....
23:27:38.738 [main] INFO  - enters invalid email and validates schedule demo button....
23:27:50.866 [main] INFO  - validates thankyou message....
23:58:40.821 [main] INFO  - Practo Home page....
23:58:41.556 [main] INFO  - Validates the practo page
23:58:42.168 [main] INFO  - Clicks on find doctors....
23:58:45.737 [main] INFO  - enters the location....
23:58:53.917 [main] INFO  - selects patient stories dropdown....
23:59:00.698 [main] INFO  - selects experience dropdown....
23:59:06.443 [main] INFO  - selects fees from all filter dropdown....
23:59:12.962 [main] INFO  - selects availability from all filter dropdown....
23:59:18.603 [main] INFO  - selects sortby dropdown....
23:59:23.905 [main] INFO  - stores first five doctor details....
23:59:28.108 [main] INFO  - user is on practo page....
23:59:28.383 [main] INFO  - validates the surgeries page....
23:59:30.371 [main] INFO  - stores list of surgeries....
23:59:36.428 [main] INFO  - user is on practo home page....
23:59:36.795 [main] INFO  - clicks on for corporates page....
23:59:41.885 [main] INFO  - clicks on health and wellness plans....
23:59:42.283 [main] INFO  - enters invalid email and validates schedule demo button....
23:59:53.474 [main] INFO  - validates thankyou message....
00:03:53.767 [main] INFO  - Practo Home page....
00:03:54.520 [main] INFO  - Validates the practo page
00:03:55.139 [main] INFO  - Clicks on find doctors....
00:03:59.067 [main] INFO  - enters the location....
00:04:07.889 [main] INFO  - selects patient stories dropdown....
00:04:14.602 [main] INFO  - selects experience dropdown....
00:04:20.326 [main] INFO  - selects fees from all filter dropdown....
00:04:26.891 [main] INFO  - selects availability from all filter dropdown....
00:04:33.121 [main] INFO  - selects sortby dropdown....
00:04:38.307 [main] INFO  - stores first five doctor details....
00:04:42.441 [main] INFO  - user is on practo page....
00:04:42.805 [main] INFO  - validates the surgeries page....
00:04:45.061 [main] INFO  - stores list of surgeries....
00:04:51.984 [main] INFO  - user is on practo home page....
00:04:52.375 [main] INFO  - clicks on for corporates page....
00:05:00.665 [main] INFO  - clicks on health and wellness plans....
00:05:01.096 [main] INFO  - enters invalid email and validates schedule demo button....
00:05:12.290 [main] INFO  - validates thankyou message....
00:07:19.599 [main] INFO  - Practo Home page....
00:07:20.170 [main] INFO  - Validates the practo page
00:07:20.755 [main] INFO  - Clicks on find doctors....
00:07:24.037 [main] INFO  - enters the location....
00:07:31.390 [main] INFO  - selects patient stories dropdown....
00:07:38.925 [main] INFO  - selects experience dropdown....
00:07:44.782 [main] INFO  - selects fees from all filter dropdown....
00:07:51.410 [main] INFO  - selects availability from all filter dropdown....
00:07:56.415 [main] INFO  - selects sortby dropdown....
00:08:01.790 [main] INFO  - stores first five doctor details....
00:08:06.009 [main] INFO  - user is on practo page....
00:08:06.291 [main] INFO  - validates the surgeries page....
00:08:08.381 [main] INFO  - stores list of surgeries....
00:08:15.630 [main] INFO  - user is on practo home page....
00:08:16.000 [main] INFO  - clicks on for corporates page....
00:08:22.098 [main] INFO  - clicks on health and wellness plans....
00:08:22.568 [main] INFO  - enters invalid email and validates schedule demo button....
00:08:33.585 [main] INFO  - validates thankyou message....
